2024-10-16T02:28:09.678+01:00  WARN 8596 --- [dbMigration] [HikariPool-1 housekeeper] com.zaxxer.hikari.pool.HikariPool        : HikariPool-1 - Thread starvation or clock leap detected (housekeeper delta=9h25m43s812ms879µs100ns).
2024-10-16T02:30:31.682+01:00  WARN 8596 --- [dbMigration] [HikariPool-1 housekeeper] com.zaxxer.hikari.pool.HikariPool        : HikariPool-1 - Thread starvation or clock leap detected (housekeeper delta=2m22s981ms777µs800ns).
2024-10-16T03:09:38.532+01:00  INFO 8596 --- [dbMigration] [SpringApplicationShutdownHook] j.LocalContainerEntityManagerFactoryBean : Closing JPA EntityManagerFactory for persistence unit 'default'
2024-10-16T03:09:39.630+01:00  INFO 8596 --- [dbMigration] [SpringApplicationShutdownHook] com.zaxxer.hikari.HikariDataSource       : HikariPool-1 - Shutdown initiated...
2024-10-16T03:09:40.052+01:00  INFO 8596 --- [dbMigration] [SpringApplicationShutdownHook] com.zaxxer.hikari.HikariDataSource       : HikariPool-1 - Shutdown completed.
2024-10-16T03:18:55.811+01:00  INFO 18904 --- [dbMigration] [restartedMain] n.dbMigration.DbMigrationApplication     : Starting DbMigrationApplication using Java 18.0.1.1 with PID 18904 (C:\Users\User\Documents\kenneth\flexisaf\projects\dbMigration\target\classes started by User in C:\Users\User\Documents\kenneth\flexisaf\projects\dbMigration)
2024-10-16T03:18:55.849+01:00  INFO 18904 --- [dbMigration] [restartedMain] n.dbMigration.DbMigrationApplication     : No active profile set, falling back to 1 default profile: "default"
2024-10-16T03:18:56.309+01:00  INFO 18904 --- [dbMigration] [restartedMain] .e.DevToolsPropertyDefaultsPostProcessor : Devtools property defaults active! Set 'spring.devtools.add-properties' to 'false' to disable
2024-10-16T03:18:56.310+01:00  INFO 18904 --- [dbMigration] [restartedMain] .e.DevToolsPropertyDefaultsPostProcessor : For additional web related logging consider setting the 'logging.level.web' property to 'DEBUG'
2024-10-16T03:19:02.305+01:00  INFO 18904 --- [dbMigration] [restartedMain] .s.d.r.c.RepositoryConfigurationDelegate : Bootstrapping Spring Data JPA repositories in DEFAULT mode.
2024-10-16T03:19:02.602+01:00  INFO 18904 --- [dbMigration] [restartedMain] .s.d.r.c.RepositoryConfigurationDelegate : Finished Spring Data repository scanning in 104 ms. Found 0 JPA repository interfaces.
2024-10-16T03:19:08.812+01:00  INFO 18904 --- [dbMigration] [restartedMain] o.s.b.w.embedded.tomcat.TomcatWebServer  : Tomcat initialized with port 8080 (http)
2024-10-16T03:19:09.138+01:00  INFO 18904 --- [dbMigration] [restartedMain] o.apache.catalina.core.StandardService   : Starting service [Tomcat]
2024-10-16T03:19:09.139+01:00  INFO 18904 --- [dbMigration] [restartedMain] o.apache.catalina.core.StandardEngine    : Starting Servlet engine: [Apache Tomcat/10.1.30]
2024-10-16T03:19:13.074+01:00  INFO 18904 --- [dbMigration] [restartedMain] o.a.c.c.C.[Tomcat].[localhost].[/]       : Initializing Spring embedded WebApplicationContext
2024-10-16T03:19:13.075+01:00  INFO 18904 --- [dbMigration] [restartedMain] w.s.c.ServletWebServerApplicationContext : Root WebApplicationContext: initialization completed in 16765 ms
2024-10-16T03:19:13.765+01:00  INFO 18904 --- [dbMigration] [restartedMain] com.zaxxer.hikari.HikariDataSource       : HikariPool-1 - Starting...
2024-10-16T03:19:16.726+01:00  INFO 18904 --- [dbMigration] [restartedMain] com.zaxxer.hikari.pool.HikariPool        : HikariPool-1 - Added connection com.mysql.cj.jdbc.ConnectionImpl@2ce624a1
2024-10-16T03:19:16.728+01:00  INFO 18904 --- [dbMigration] [restartedMain] com.zaxxer.hikari.HikariDataSource       : HikariPool-1 - Start completed.
2024-10-16T03:19:16.743+01:00  INFO 18904 --- [dbMigration] [restartedMain] o.s.b.a.h2.H2ConsoleAutoConfiguration    : H2 console available at '/h2-console'. Database available at 'jdbc:mysql://localhost:3306/task5?createDatabaseIfNotExist=true'
2024-10-16T03:19:22.183+01:00  INFO 18904 --- [dbMigration] [restartedMain] org.flywaydb.core.FlywayExecutor         : Database: jdbc:mysql://localhost:3306/task5 (MySQL 8.0)
2024-10-16T03:19:25.069+01:00  INFO 18904 --- [dbMigration] [restartedMain] o.f.core.internal.command.DbValidate     : Successfully validated 3 migrations (execution time 00:00.580s)
2024-10-16T03:19:25.241+01:00  INFO 18904 --- [dbMigration] [restartedMain] o.f.core.internal.command.DbMigrate      : Current version of schema `task5`: 2
2024-10-16T03:19:25.267+01:00  INFO 18904 --- [dbMigration] [restartedMain] o.f.core.internal.command.DbMigrate      : Migrating schema `task5` to version "3 - insert data"
2024-10-16T03:19:29.345+01:00  INFO 18904 --- [dbMigration] [restartedMain] o.f.core.internal.command.DbMigrate      : Successfully applied 1 migration to schema `task5`, now at version v3 (execution time 00:01.847s)
2024-10-16T03:19:30.055+01:00  INFO 18904 --- [dbMigration] [restartedMain] o.hibernate.jpa.internal.util.LogHelper  : HHH000204: Processing PersistenceUnitInfo [name: default]
2024-10-16T03:19:30.597+01:00  INFO 18904 --- [dbMigration] [restartedMain] org.hibernate.Version                    : HHH000412: Hibernate ORM core version 6.5.3.Final
2024-10-16T03:19:35.743+01:00  INFO 18904 --- [dbMigration] [restartedMain] o.h.c.internal.RegionFactoryInitiator    : HHH000026: Second-level cache disabled
2024-10-16T03:19:40.394+01:00  INFO 18904 --- [dbMigration] [restartedMain] o.s.o.j.p.SpringPersistenceUnitInfo      : No LoadTimeWeaver setup: ignoring JPA class transformer
2024-10-16T03:19:45.236+01:00  INFO 18904 --- [dbMigration] [restartedMain] o.h.e.t.j.p.i.JtaPlatformInitiator       : HHH000489: No JTA platform available (set 'hibernate.transaction.jta.platform' to enable JTA platform integration)
2024-10-16T03:19:53.207+01:00  INFO 18904 --- [dbMigration] [restartedMain] j.LocalContainerEntityManagerFactoryBean : Initialized JPA EntityManagerFactory for persistence unit 'default'
2024-10-16T03:19:53.526+01:00  WARN 18904 --- [dbMigration] [restartedMain] JpaBaseConfiguration$JpaWebConfiguration : spring.jpa.open-in-view is enabled by default. Therefore, database queries may be performed during view rendering. Explicitly configure spring.jpa.open-in-view to disable this warning
2024-10-16T03:19:55.438+01:00  INFO 18904 --- [dbMigration] [restartedMain] o.s.b.d.a.OptionalLiveReloadServer       : LiveReload server is running on port 35729
2024-10-16T03:19:55.803+01:00  INFO 18904 --- [dbMigration] [restartedMain] o.s.b.w.embedded.tomcat.TomcatWebServer  : Tomcat started on port 8080 (http) with context path '/'
2024-10-16T03:19:55.820+01:00  INFO 18904 --- [dbMigration] [restartedMain] n.dbMigration.DbMigrationApplication     : Started DbMigrationApplication in 64.301 seconds (process running for 70.535)
2024-10-16T03:43:29.293+01:00  INFO 18904 --- [dbMigration] [SpringApplicationShutdownHook] j.LocalContainerEntityManagerFactoryBean : Closing JPA EntityManagerFactory for persistence unit 'default'
2024-10-16T03:43:29.322+01:00  INFO 18904 --- [dbMigration] [SpringApplicationShutdownHook] com.zaxxer.hikari.HikariDataSource       : HikariPool-1 - Shutdown initiated...
2024-10-16T03:43:29.410+01:00  INFO 18904 --- [dbMigration] [SpringApplicationShutdownHook] com.zaxxer.hikari.HikariDataSource       : HikariPool-1 - Shutdown completed.
2024-10-16T03:43:34.497+01:00  INFO 12300 --- [dbMigration] [restartedMain] n.dbMigration.DbMigrationApplication     : Starting DbMigrationApplication using Java 18.0.1.1 with PID 12300 (C:\Users\User\Documents\kenneth\flexisaf\projects\dbMigration\target\classes started by User in C:\Users\User\Documents\kenneth\flexisaf\projects\dbMigration)
2024-10-16T03:43:34.503+01:00  INFO 12300 --- [dbMigration] [restartedMain] n.dbMigration.DbMigrationApplication     : No active profile set, falling back to 1 default profile: "default"
2024-10-16T03:43:34.668+01:00  INFO 12300 --- [dbMigration] [restartedMain] .e.DevToolsPropertyDefaultsPostProcessor : Devtools property defaults active! Set 'spring.devtools.add-properties' to 'false' to disable
2024-10-16T03:43:34.669+01:00  INFO 12300 --- [dbMigration] [restartedMain] .e.DevToolsPropertyDefaultsPostProcessor : For additional web related logging consider setting the 'logging.level.web' property to 'DEBUG'
2024-10-16T03:43:36.207+01:00  INFO 12300 --- [dbMigration] [restartedMain] .s.d.r.c.RepositoryConfigurationDelegate : Bootstrapping Spring Data JPA repositories in DEFAULT mode.
2024-10-16T03:43:36.248+01:00  INFO 12300 --- [dbMigration] [restartedMain] .s.d.r.c.RepositoryConfigurationDelegate : Finished Spring Data repository scanning in 23 ms. Found 0 JPA repository interfaces.
2024-10-16T03:43:37.682+01:00  INFO 12300 --- [dbMigration] [restartedMain] o.s.b.w.embedded.tomcat.TomcatWebServer  : Tomcat initialized with port 8080 (http)
2024-10-16T03:43:37.714+01:00  INFO 12300 --- [dbMigration] [restartedMain] o.apache.catalina.core.StandardService   : Starting service [Tomcat]
2024-10-16T03:43:37.714+01:00  INFO 12300 --- [dbMigration] [restartedMain] o.apache.catalina.core.StandardEngine    : Starting Servlet engine: [Apache Tomcat/10.1.30]
2024-10-16T03:43:37.846+01:00  INFO 12300 --- [dbMigration] [restartedMain] o.a.c.c.C.[Tomcat].[localhost].[/]       : Initializing Spring embedded WebApplicationContext
2024-10-16T03:43:37.847+01:00  INFO 12300 --- [dbMigration] [restartedMain] w.s.c.ServletWebServerApplicationContext : Root WebApplicationContext: initialization completed in 3176 ms
2024-10-16T03:43:37.923+01:00  INFO 12300 --- [dbMigration] [restartedMain] com.zaxxer.hikari.HikariDataSource       : HikariPool-1 - Starting...
2024-10-16T03:43:38.568+01:00  INFO 12300 --- [dbMigration] [restartedMain] com.zaxxer.hikari.pool.HikariPool        : HikariPool-1 - Added connection com.mysql.cj.jdbc.ConnectionImpl@2ce624a1
2024-10-16T03:43:38.571+01:00  INFO 12300 --- [dbMigration] [restartedMain] com.zaxxer.hikari.HikariDataSource       : HikariPool-1 - Start completed.
2024-10-16T03:43:38.587+01:00  INFO 12300 --- [dbMigration] [restartedMain] o.s.b.a.h2.H2ConsoleAutoConfiguration    : H2 console available at '/h2-console'. Database available at 'jdbc:mysql://localhost:3306/task5?createDatabaseIfNotExist=true'
2024-10-16T03:43:39.467+01:00  INFO 12300 --- [dbMigration] [restartedMain] org.flywaydb.core.FlywayExecutor         : Database: jdbc:mysql://localhost:3306/task5 (MySQL 8.0)
2024-10-16T03:43:39.751+01:00  WARN 12300 --- [dbMigration] [restartedMain] ConfigServletWebServerApplicationContext : Exception encountered during context initialization - cancelling refresh attempt: org.springframework.beans.factory.BeanCreationException: Error creating bean with name 'entityManagerFactory' defined in class path resource [org/springframework/boot/autoconfigure/orm/jpa/HibernateJpaConfiguration.class]: Failed to initialize dependency 'flywayInitializer' of LoadTimeWeaverAware bean 'entityManagerFactory': Error creating bean with name 'flywayInitializer' defined in class path resource [org/springframework/boot/autoconfigure/flyway/FlywayAutoConfiguration$FlywayConfiguration.class]: Validate failed: Migrations have failed validation
Migration checksum mismatch for migration version 2
-> Applied to database : -169823301
-> Resolved locally    : 112870706
Either revert the changes to the migration, or run repair to update the schema history.
Need more flexibility with validation rules? Learn more: https://rd.gt/3AbJUZE
2024-10-16T03:43:39.752+01:00  INFO 12300 --- [dbMigration] [restartedMain] com.zaxxer.hikari.HikariDataSource       : HikariPool-1 - Shutdown initiated...
2024-10-16T03:43:39.768+01:00  INFO 12300 --- [dbMigration] [restartedMain] com.zaxxer.hikari.HikariDataSource       : HikariPool-1 - Shutdown completed.
2024-10-16T03:43:39.773+01:00  INFO 12300 --- [dbMigration] [restartedMain] o.apache.catalina.core.StandardService   : Stopping service [Tomcat]
2024-10-16T03:43:39.801+01:00  INFO 12300 --- [dbMigration] [restartedMain] .s.b.a.l.ConditionEvaluationReportLogger : 

Error starting ApplicationContext. To display the condition evaluation report re-run your application with 'debug' enabled.
2024-10-16T03:43:39.898+01:00 ERROR 12300 --- [dbMigration] [restartedMain] o.s.boot.SpringApplication               : Application run failed

org.springframework.beans.factory.BeanCreationException: Error creating bean with name 'entityManagerFactory' defined in class path resource [org/springframework/boot/autoconfigure/orm/jpa/HibernateJpaConfiguration.class]: Failed to initialize dependency 'flywayInitializer' of LoadTimeWeaverAware bean 'entityManagerFactory': Error creating bean with name 'flywayInitializer' defined in class path resource [org/springframework/boot/autoconfigure/flyway/FlywayAutoConfiguration$FlywayConfiguration.class]: Validate failed: Migrations have failed validation
Migration checksum mismatch for migration version 2
-> Applied to database : -169823301
-> Resolved locally    : 112870706
Either revert the changes to the migration, or run repair to update the schema history.
Need more flexibility with validation rules? Learn more: https://rd.gt/3AbJUZE
	at org.springframework.beans.factory.support.AbstractBeanFactory.doGetBean(AbstractBeanFactory.java:326) ~[spring-beans-6.1.13.jar:6.1.13]
	at org.springframework.beans.factory.support.AbstractBeanFactory.getBean(AbstractBeanFactory.java:205) ~[spring-beans-6.1.13.jar:6.1.13]
	at org.springframework.context.support.AbstractApplicationContext.finishBeanFactoryInitialization(AbstractApplicationContext.java:954) ~[spring-context-6.1.13.jar:6.1.13]
	at org.springframework.context.support.AbstractApplicationContext.refresh(AbstractApplicationContext.java:625) ~[spring-context-6.1.13.jar:6.1.13]
	at org.springframework.boot.web.servlet.context.ServletWebServerApplicationContext.refresh(ServletWebServerApplicationContext.java:146) ~[spring-boot-3.3.4.jar:3.3.4]
	at org.springframework.boot.SpringApplication.refresh(SpringApplication.java:754) ~[spring-boot-3.3.4.jar:3.3.4]
	at org.springframework.boot.SpringApplication.refreshContext(SpringApplication.java:456) ~[spring-boot-3.3.4.jar:3.3.4]
	at org.springframework.boot.SpringApplication.run(SpringApplication.java:335) ~[spring-boot-3.3.4.jar:3.3.4]
	at org.springframework.boot.SpringApplication.run(SpringApplication.java:1363) ~[spring-boot-3.3.4.jar:3.3.4]
	at org.springframework.boot.SpringApplication.run(SpringApplication.java:1352) ~[spring-boot-3.3.4.jar:3.3.4]
	at ndgroups.dbMigration.DbMigrationApplication.main(DbMigrationApplication.java:10) ~[classes/:na]
	at java.base/jdk.internal.reflect.DirectMethodHandleAccessor.invoke(DirectMethodHandleAccessor.java:104) ~[na:na]
	at java.base/java.lang.reflect.Method.invoke(Method.java:577) ~[na:na]
	at org.springframework.boot.devtools.restart.RestartLauncher.run(RestartLauncher.java:50) ~[spring-boot-devtools-3.3.4.jar:3.3.4]
Caused by: org.springframework.beans.factory.BeanCreationException: Error creating bean with name 'flywayInitializer' defined in class path resource [org/springframework/boot/autoconfigure/flyway/FlywayAutoConfiguration$FlywayConfiguration.class]: Validate failed: Migrations have failed validation
Migration checksum mismatch for migration version 2
-> Applied to database : -169823301
-> Resolved locally    : 112870706
Either revert the changes to the migration, or run repair to update the schema history.
Need more flexibility with validation rules? Learn more: https://rd.gt/3AbJUZE
	at org.springframework.beans.factory.support.AbstractAutowireCapableBeanFactory.initializeBean(AbstractAutowireCapableBeanFactory.java:1806) ~[spring-beans-6.1.13.jar:6.1.13]
	at org.springframework.beans.factory.support.AbstractAutowireCapableBeanFactory.doCreateBean(AbstractAutowireCapableBeanFactory.java:600) ~[spring-beans-6.1.13.jar:6.1.13]
	at org.springframework.beans.factory.support.AbstractAutowireCapableBeanFactory.createBean(AbstractAutowireCapableBeanFactory.java:522) ~[spring-beans-6.1.13.jar:6.1.13]
	at org.springframework.beans.factory.support.AbstractBeanFactory.lambda$doGetBean$0(AbstractBeanFactory.java:337) ~[spring-beans-6.1.13.jar:6.1.13]
	at org.springframework.beans.factory.support.DefaultSingletonBeanRegistry.getSingleton(DefaultSingletonBeanRegistry.java:234) ~[spring-beans-6.1.13.jar:6.1.13]
	at org.springframework.beans.factory.support.AbstractBeanFactory.doGetBean(AbstractBeanFactory.java:335) ~[spring-beans-6.1.13.jar:6.1.13]
	at org.springframework.beans.factory.support.AbstractBeanFactory.getBean(AbstractBeanFactory.java:200) ~[spring-beans-6.1.13.jar:6.1.13]
	at org.springframework.beans.factory.support.AbstractBeanFactory.doGetBean(AbstractBeanFactory.java:313) ~[spring-beans-6.1.13.jar:6.1.13]
	... 13 common frames omitted
Caused by: org.flywaydb.core.api.exception.FlywayValidateException: Validate failed: Migrations have failed validation
Migration checksum mismatch for migration version 2
-> Applied to database : -169823301
-> Resolved locally    : 112870706
Either revert the changes to the migration, or run repair to update the schema history.
Need more flexibility with validation rules? Learn more: https://rd.gt/3AbJUZE
	at org.flywaydb.core.Flyway.lambda$migrate$0(Flyway.java:160) ~[flyway-core-10.10.0.jar:na]
	at org.flywaydb.core.FlywayExecutor.execute(FlywayExecutor.java:205) ~[flyway-core-10.10.0.jar:na]
	at org.flywaydb.core.Flyway.migrate(Flyway.java:147) ~[flyway-core-10.10.0.jar:na]
	at org.springframework.boot.autoconfigure.flyway.FlywayMigrationInitializer.afterPropertiesSet(FlywayMigrationInitializer.java:66) ~[spring-boot-autoconfigure-3.3.4.jar:3.3.4]
	at org.springframework.beans.factory.support.AbstractAutowireCapableBeanFactory.invokeInitMethods(AbstractAutowireCapableBeanFactory.java:1853) ~[spring-beans-6.1.13.jar:6.1.13]
	at org.springframework.beans.factory.support.AbstractAutowireCapableBeanFactory.initializeBean(AbstractAutowireCapableBeanFactory.java:1802) ~[spring-beans-6.1.13.jar:6.1.13]
	... 20 common frames omitted

2024-10-16T03:49:18.728+01:00  INFO 3512 --- [dbMigration] [restartedMain] n.dbMigration.DbMigrationApplication     : Starting DbMigrationApplication using Java 18.0.1.1 with PID 3512 (C:\Users\User\Documents\kenneth\flexisaf\projects\dbMigration\target\classes started by User in C:\Users\User\Documents\kenneth\flexisaf\projects\dbMigration)
2024-10-16T03:49:18.734+01:00  INFO 3512 --- [dbMigration] [restartedMain] n.dbMigration.DbMigrationApplication     : No active profile set, falling back to 1 default profile: "default"
2024-10-16T03:49:18.867+01:00  INFO 3512 --- [dbMigration] [restartedMain] .e.DevToolsPropertyDefaultsPostProcessor : Devtools property defaults active! Set 'spring.devtools.add-properties' to 'false' to disable
2024-10-16T03:49:18.867+01:00  INFO 3512 --- [dbMigration] [restartedMain] .e.DevToolsPropertyDefaultsPostProcessor : For additional web related logging consider setting the 'logging.level.web' property to 'DEBUG'
2024-10-16T03:49:20.833+01:00  INFO 3512 --- [dbMigration] [restartedMain] .s.d.r.c.RepositoryConfigurationDelegate : Bootstrapping Spring Data JPA repositories in DEFAULT mode.
2024-10-16T03:49:20.880+01:00  INFO 3512 --- [dbMigration] [restartedMain] .s.d.r.c.RepositoryConfigurationDelegate : Finished Spring Data repository scanning in 28 ms. Found 0 JPA repository interfaces.
2024-10-16T03:49:22.338+01:00  INFO 3512 --- [dbMigration] [restartedMain] o.s.b.w.embedded.tomcat.TomcatWebServer  : Tomcat initialized with port 8080 (http)
2024-10-16T03:49:22.370+01:00  INFO 3512 --- [dbMigration] [restartedMain] o.apache.catalina.core.StandardService   : Starting service [Tomcat]
2024-10-16T03:49:22.371+01:00  INFO 3512 --- [dbMigration] [restartedMain] o.apache.catalina.core.StandardEngine    : Starting Servlet engine: [Apache Tomcat/10.1.30]
2024-10-16T03:49:22.493+01:00  INFO 3512 --- [dbMigration] [restartedMain] o.a.c.c.C.[Tomcat].[localhost].[/]       : Initializing Spring embedded WebApplicationContext
2024-10-16T03:49:22.494+01:00  INFO 3512 --- [dbMigration] [restartedMain] w.s.c.ServletWebServerApplicationContext : Root WebApplicationContext: initialization completed in 3626 ms
2024-10-16T03:49:22.569+01:00  INFO 3512 --- [dbMigration] [restartedMain] com.zaxxer.hikari.HikariDataSource       : HikariPool-1 - Starting...
2024-10-16T03:49:23.739+01:00  INFO 3512 --- [dbMigration] [restartedMain] com.zaxxer.hikari.pool.HikariPool        : HikariPool-1 - Added connection com.mysql.cj.jdbc.ConnectionImpl@1c454050
2024-10-16T03:49:23.746+01:00  INFO 3512 --- [dbMigration] [restartedMain] com.zaxxer.hikari.HikariDataSource       : HikariPool-1 - Start completed.
2024-10-16T03:49:23.767+01:00  INFO 3512 --- [dbMigration] [restartedMain] o.s.b.a.h2.H2ConsoleAutoConfiguration    : H2 console available at '/h2-console'. Database available at 'jdbc:mysql://localhost:3306/task5?createDatabaseIfNotExist=true'
2024-10-16T03:49:24.597+01:00  INFO 3512 --- [dbMigration] [restartedMain] org.flywaydb.core.FlywayExecutor         : Database: jdbc:mysql://localhost:3306/task5 (MySQL 8.0)
2024-10-16T03:49:24.947+01:00  INFO 3512 --- [dbMigration] [restartedMain] o.f.c.i.s.JdbcTableSchemaHistory         : Schema history table `task5`.`flyway_schema_history` does not exist yet
2024-10-16T03:49:24.957+01:00  INFO 3512 --- [dbMigration] [restartedMain] o.f.core.internal.command.DbValidate     : Successfully validated 1 migration (execution time 00:00.189s)
2024-10-16T03:49:25.543+01:00  INFO 3512 --- [dbMigration] [restartedMain] o.f.c.i.s.JdbcTableSchemaHistory         : Creating Schema History table `task5`.`flyway_schema_history` ...
2024-10-16T03:49:30.309+01:00  INFO 3512 --- [dbMigration] [restartedMain] o.f.core.internal.command.DbMigrate      : Current version of schema `task5`: << Empty Schema >>
2024-10-16T03:49:30.323+01:00  INFO 3512 --- [dbMigration] [restartedMain] o.f.core.internal.command.DbMigrate      : Migrating schema `task5` to version "1 - create table"
2024-10-16T03:49:30.807+01:00 ERROR 3512 --- [dbMigration] [restartedMain] o.f.core.internal.command.DbMigrate      : Migration of schema `task5` to version "1 - create table" failed! Please restore backups and roll back database and code!
2024-10-16T03:49:31.067+01:00  WARN 3512 --- [dbMigration] [restartedMain] ConfigServletWebServerApplicationContext : Exception encountered during context initialization - cancelling refresh attempt: org.springframework.beans.factory.BeanCreationException: Error creating bean with name 'entityManagerFactory' defined in class path resource [org/springframework/boot/autoconfigure/orm/jpa/HibernateJpaConfiguration.class]: Failed to initialize dependency 'flywayInitializer' of LoadTimeWeaverAware bean 'entityManagerFactory': Error creating bean with name 'flywayInitializer' defined in class path resource [org/springframework/boot/autoconfigure/flyway/FlywayAutoConfiguration$FlywayConfiguration.class]: Migration V1__create_table.sql failed
-------------------------------------
SQL State  : 42000
Error Code : 1064
Message    : You have an error in your SQL syntax; check the manual that corresponds to your MySQL server version for the right syntax to use near ')' at line 7
Location   : db/migration/V1__create_table.sql (C:\Users\User\Documents\kenneth\flexisaf\projects\dbMigration\target\classes\db\migration\V1__create_table.sql)
Line       : 1
Statement  : CREATE TABLE Product (
    product_id INT AUTO_INCREMENT PRIMARY KEY,
    product_name VARCHAR(255) NOT NULL,
    description VARCHAR(500),
    price DOUBLE NOT NULL,
    stock_quantity INT,
)

2024-10-16T03:49:31.068+01:00  INFO 3512 --- [dbMigration] [restartedMain] com.zaxxer.hikari.HikariDataSource       : HikariPool-1 - Shutdown initiated...
2024-10-16T03:49:31.140+01:00  INFO 3512 --- [dbMigration] [restartedMain] com.zaxxer.hikari.HikariDataSource       : HikariPool-1 - Shutdown completed.
2024-10-16T03:49:31.144+01:00  INFO 3512 --- [dbMigration] [restartedMain] o.apache.catalina.core.StandardService   : Stopping service [Tomcat]
2024-10-16T03:49:31.164+01:00  INFO 3512 --- [dbMigration] [restartedMain] .s.b.a.l.ConditionEvaluationReportLogger : 

Error starting ApplicationContext. To display the condition evaluation report re-run your application with 'debug' enabled.
2024-10-16T03:49:31.201+01:00 ERROR 3512 --- [dbMigration] [restartedMain] o.s.boot.SpringApplication               : Application run failed

org.springframework.beans.factory.BeanCreationException: Error creating bean with name 'entityManagerFactory' defined in class path resource [org/springframework/boot/autoconfigure/orm/jpa/HibernateJpaConfiguration.class]: Failed to initialize dependency 'flywayInitializer' of LoadTimeWeaverAware bean 'entityManagerFactory': Error creating bean with name 'flywayInitializer' defined in class path resource [org/springframework/boot/autoconfigure/flyway/FlywayAutoConfiguration$FlywayConfiguration.class]: Migration V1__create_table.sql failed
-------------------------------------
SQL State  : 42000
Error Code : 1064
Message    : You have an error in your SQL syntax; check the manual that corresponds to your MySQL server version for the right syntax to use near ')' at line 7
Location   : db/migration/V1__create_table.sql (C:\Users\User\Documents\kenneth\flexisaf\projects\dbMigration\target\classes\db\migration\V1__create_table.sql)
Line       : 1
Statement  : CREATE TABLE Product (
    product_id INT AUTO_INCREMENT PRIMARY KEY,
    product_name VARCHAR(255) NOT NULL,
    description VARCHAR(500),
    price DOUBLE NOT NULL,
    stock_quantity INT,
)

	at org.springframework.beans.factory.support.AbstractBeanFactory.doGetBean(AbstractBeanFactory.java:326) ~[spring-beans-6.1.13.jar:6.1.13]
	at org.springframework.beans.factory.support.AbstractBeanFactory.getBean(AbstractBeanFactory.java:205) ~[spring-beans-6.1.13.jar:6.1.13]
	at org.springframework.context.support.AbstractApplicationContext.finishBeanFactoryInitialization(AbstractApplicationContext.java:954) ~[spring-context-6.1.13.jar:6.1.13]
	at org.springframework.context.support.AbstractApplicationContext.refresh(AbstractApplicationContext.java:625) ~[spring-context-6.1.13.jar:6.1.13]
	at org.springframework.boot.web.servlet.context.ServletWebServerApplicationContext.refresh(ServletWebServerApplicationContext.java:146) ~[spring-boot-3.3.4.jar:3.3.4]
	at org.springframework.boot.SpringApplication.refresh(SpringApplication.java:754) ~[spring-boot-3.3.4.jar:3.3.4]
	at org.springframework.boot.SpringApplication.refreshContext(SpringApplication.java:456) ~[spring-boot-3.3.4.jar:3.3.4]
	at org.springframework.boot.SpringApplication.run(SpringApplication.java:335) ~[spring-boot-3.3.4.jar:3.3.4]
	at org.springframework.boot.SpringApplication.run(SpringApplication.java:1363) ~[spring-boot-3.3.4.jar:3.3.4]
	at org.springframework.boot.SpringApplication.run(SpringApplication.java:1352) ~[spring-boot-3.3.4.jar:3.3.4]
	at ndgroups.dbMigration.DbMigrationApplication.main(DbMigrationApplication.java:10) ~[classes/:na]
	at java.base/jdk.internal.reflect.DirectMethodHandleAccessor.invoke(DirectMethodHandleAccessor.java:104) ~[na:na]
	at java.base/java.lang.reflect.Method.invoke(Method.java:577) ~[na:na]
	at org.springframework.boot.devtools.restart.RestartLauncher.run(RestartLauncher.java:50) ~[spring-boot-devtools-3.3.4.jar:3.3.4]
Caused by: org.springframework.beans.factory.BeanCreationException: Error creating bean with name 'flywayInitializer' defined in class path resource [org/springframework/boot/autoconfigure/flyway/FlywayAutoConfiguration$FlywayConfiguration.class]: Migration V1__create_table.sql failed
-------------------------------------
SQL State  : 42000
Error Code : 1064
Message    : You have an error in your SQL syntax; check the manual that corresponds to your MySQL server version for the right syntax to use near ')' at line 7
Location   : db/migration/V1__create_table.sql (C:\Users\User\Documents\kenneth\flexisaf\projects\dbMigration\target\classes\db\migration\V1__create_table.sql)
Line       : 1
Statement  : CREATE TABLE Product (
    product_id INT AUTO_INCREMENT PRIMARY KEY,
    product_name VARCHAR(255) NOT NULL,
    description VARCHAR(500),
    price DOUBLE NOT NULL,
    stock_quantity INT,
)

	at org.springframework.beans.factory.support.AbstractAutowireCapableBeanFactory.initializeBean(AbstractAutowireCapableBeanFactory.java:1806) ~[spring-beans-6.1.13.jar:6.1.13]
	at org.springframework.beans.factory.support.AbstractAutowireCapableBeanFactory.doCreateBean(AbstractAutowireCapableBeanFactory.java:600) ~[spring-beans-6.1.13.jar:6.1.13]
	at org.springframework.beans.factory.support.AbstractAutowireCapableBeanFactory.createBean(AbstractAutowireCapableBeanFactory.java:522) ~[spring-beans-6.1.13.jar:6.1.13]
	at org.springframework.beans.factory.support.AbstractBeanFactory.lambda$doGetBean$0(AbstractBeanFactory.java:337) ~[spring-beans-6.1.13.jar:6.1.13]
	at org.springframework.beans.factory.support.DefaultSingletonBeanRegistry.getSingleton(DefaultSingletonBeanRegistry.java:234) ~[spring-beans-6.1.13.jar:6.1.13]
	at org.springframework.beans.factory.support.AbstractBeanFactory.doGetBean(AbstractBeanFactory.java:335) ~[spring-beans-6.1.13.jar:6.1.13]
	at org.springframework.beans.factory.support.AbstractBeanFactory.getBean(AbstractBeanFactory.java:200) ~[spring-beans-6.1.13.jar:6.1.13]
	at org.springframework.beans.factory.support.AbstractBeanFactory.doGetBean(AbstractBeanFactory.java:313) ~[spring-beans-6.1.13.jar:6.1.13]
	... 13 common frames omitted
Caused by: org.flywaydb.core.internal.command.DbMigrate$FlywayMigrateException: Migration V1__create_table.sql failed
-------------------------------------
SQL State  : 42000
Error Code : 1064
Message    : You have an error in your SQL syntax; check the manual that corresponds to your MySQL server version for the right syntax to use near ')' at line 7
Location   : db/migration/V1__create_table.sql (C:\Users\User\Documents\kenneth\flexisaf\projects\dbMigration\target\classes\db\migration\V1__create_table.sql)
Line       : 1
Statement  : CREATE TABLE Product (
    product_id INT AUTO_INCREMENT PRIMARY KEY,
    product_name VARCHAR(255) NOT NULL,
    description VARCHAR(500),
    price DOUBLE NOT NULL,
    stock_quantity INT,
)

	at org.flywaydb.core.internal.command.DbMigrate.doMigrateGroup(DbMigrate.java:382) ~[flyway-core-10.10.0.jar:na]
	at org.flywaydb.core.internal.command.DbMigrate.lambda$applyMigrations$1(DbMigrate.java:272) ~[flyway-core-10.10.0.jar:na]
	at org.flywaydb.core.internal.jdbc.TransactionalExecutionTemplate.execute(TransactionalExecutionTemplate.java:55) ~[flyway-core-10.10.0.jar:na]
	at org.flywaydb.core.internal.command.DbMigrate.applyMigrations(DbMigrate.java:271) ~[flyway-core-10.10.0.jar:na]
	at org.flywaydb.core.internal.command.DbMigrate.migrateGroup(DbMigrate.java:244) ~[flyway-core-10.10.0.jar:na]
	at org.flywaydb.core.internal.command.DbMigrate.lambda$migrateAll$0(DbMigrate.java:139) ~[flyway-core-10.10.0.jar:na]
	at org.flywaydb.database.mysql.MySQLNamedLockTemplate.execute(MySQLNamedLockTemplate.java:58) ~[flyway-mysql-10.10.0.jar:na]
	at org.flywaydb.database.mysql.MySQLConnection.lock(MySQLConnection.java:150) ~[flyway-mysql-10.10.0.jar:na]
	at org.flywaydb.core.internal.schemahistory.JdbcTableSchemaHistory.lock(JdbcTableSchemaHistory.java:145) ~[flyway-core-10.10.0.jar:na]
	at org.flywaydb.core.internal.command.DbMigrate.migrateAll(DbMigrate.java:139) ~[flyway-core-10.10.0.jar:na]
	at org.flywaydb.core.internal.command.DbMigrate.migrate(DbMigrate.java:97) ~[flyway-core-10.10.0.jar:na]
	at org.flywaydb.core.Flyway.lambda$migrate$0(Flyway.java:202) ~[flyway-core-10.10.0.jar:na]
	at org.flywaydb.core.FlywayExecutor.execute(FlywayExecutor.java:205) ~[flyway-core-10.10.0.jar:na]
	at org.flywaydb.core.Flyway.migrate(Flyway.java:147) ~[flyway-core-10.10.0.jar:na]
	at org.springframework.boot.autoconfigure.flyway.FlywayMigrationInitializer.afterPropertiesSet(FlywayMigrationInitializer.java:66) ~[spring-boot-autoconfigure-3.3.4.jar:3.3.4]
	at org.springframework.beans.factory.support.AbstractAutowireCapableBeanFactory.invokeInitMethods(AbstractAutowireCapableBeanFactory.java:1853) ~[spring-beans-6.1.13.jar:6.1.13]
	at org.springframework.beans.factory.support.AbstractAutowireCapableBeanFactory.initializeBean(AbstractAutowireCapableBeanFactory.java:1802) ~[spring-beans-6.1.13.jar:6.1.13]
	... 20 common frames omitted
Caused by: org.flywaydb.core.internal.sqlscript.FlywaySqlScriptException: Migration V1__create_table.sql failed
-------------------------------------
SQL State  : 42000
Error Code : 1064
Message    : You have an error in your SQL syntax; check the manual that corresponds to your MySQL server version for the right syntax to use near ')' at line 7
Location   : db/migration/V1__create_table.sql (C:\Users\User\Documents\kenneth\flexisaf\projects\dbMigration\target\classes\db\migration\V1__create_table.sql)
Line       : 1
Statement  : CREATE TABLE Product (
    product_id INT AUTO_INCREMENT PRIMARY KEY,
    product_name VARCHAR(255) NOT NULL,
    description VARCHAR(500),
    price DOUBLE NOT NULL,
    stock_quantity INT,
)

	at org.flywaydb.core.internal.sqlscript.DefaultSqlScriptExecutor.handleException(DefaultSqlScriptExecutor.java:252) ~[flyway-core-10.10.0.jar:na]
	at org.flywaydb.core.internal.sqlscript.DefaultSqlScriptExecutor.executeStatement(DefaultSqlScriptExecutor.java:214) ~[flyway-core-10.10.0.jar:na]
	at org.flywaydb.core.internal.sqlscript.DefaultSqlScriptExecutor.execute(DefaultSqlScriptExecutor.java:133) ~[flyway-core-10.10.0.jar:na]
	at org.flywaydb.core.internal.resolver.sql.SqlMigrationExecutor.executeOnce(SqlMigrationExecutor.java:65) ~[flyway-core-10.10.0.jar:na]
	at org.flywaydb.core.internal.resolver.sql.SqlMigrationExecutor.lambda$execute$0(SqlMigrationExecutor.java:57) ~[flyway-core-10.10.0.jar:na]
	at org.flywaydb.core.internal.database.DefaultExecutionStrategy.execute(DefaultExecutionStrategy.java:27) ~[flyway-core-10.10.0.jar:na]
	at org.flywaydb.core.internal.resolver.sql.SqlMigrationExecutor.execute(SqlMigrationExecutor.java:56) ~[flyway-core-10.10.0.jar:na]
	at org.flywaydb.core.internal.command.DbMigrate.doMigrateGroup(DbMigrate.java:374) ~[flyway-core-10.10.0.jar:na]
	... 36 common frames omitted
Caused by: java.sql.SQLSyntaxErrorException: You have an error in your SQL syntax; check the manual that corresponds to your MySQL server version for the right syntax to use near ')' at line 7
	at com.mysql.cj.jdbc.exceptions.SQLError.createSQLException(SQLError.java:121) ~[mysql-connector-j-8.3.0.jar:8.3.0]
	at com.mysql.cj.jdbc.exceptions.SQLExceptionsMapping.translateException(SQLExceptionsMapping.java:122) ~[mysql-connector-j-8.3.0.jar:8.3.0]
	at com.mysql.cj.jdbc.StatementImpl.executeInternal(StatementImpl.java:770) ~[mysql-connector-j-8.3.0.jar:8.3.0]
	at com.mysql.cj.jdbc.StatementImpl.execute(StatementImpl.java:653) ~[mysql-connector-j-8.3.0.jar:8.3.0]
	at com.zaxxer.hikari.pool.ProxyStatement.execute(ProxyStatement.java:94) ~[HikariCP-5.1.0.jar:na]
	at com.zaxxer.hikari.pool.HikariProxyStatement.execute(HikariProxyStatement.java) ~[HikariCP-5.1.0.jar:na]
	at org.flywaydb.core.internal.jdbc.JdbcTemplate.executeStatement(JdbcTemplate.java:210) ~[flyway-core-10.10.0.jar:na]
	at org.flywaydb.core.internal.sqlscript.ParsedSqlStatement.execute(ParsedSqlStatement.java:89) ~[flyway-core-10.10.0.jar:na]
	at org.flywaydb.core.internal.sqlscript.DefaultSqlScriptExecutor.executeStatement(DefaultSqlScriptExecutor.java:206) ~[flyway-core-10.10.0.jar:na]
	... 42 common frames omitted

2024-10-16T03:59:50.327+01:00  INFO 11168 --- [dbMigration] [restartedMain] n.dbMigration.DbMigrationApplication     : Starting DbMigrationApplication using Java 18.0.1.1 with PID 11168 (C:\Users\User\Documents\kenneth\flexisaf\projects\dbMigration\target\classes started by User in C:\Users\User\Documents\kenneth\flexisaf\projects\dbMigration)
2024-10-16T03:59:50.389+01:00  INFO 11168 --- [dbMigration] [restartedMain] n.dbMigration.DbMigrationApplication     : No active profile set, falling back to 1 default profile: "default"
2024-10-16T03:59:50.752+01:00  INFO 11168 --- [dbMigration] [restartedMain] .e.DevToolsPropertyDefaultsPostProcessor : Devtools property defaults active! Set 'spring.devtools.add-properties' to 'false' to disable
2024-10-16T03:59:50.752+01:00  INFO 11168 --- [dbMigration] [restartedMain] .e.DevToolsPropertyDefaultsPostProcessor : For additional web related logging consider setting the 'logging.level.web' property to 'DEBUG'
2024-10-16T03:59:55.376+01:00  INFO 11168 --- [dbMigration] [restartedMain] .s.d.r.c.RepositoryConfigurationDelegate : Bootstrapping Spring Data JPA repositories in DEFAULT mode.
2024-10-16T03:59:55.507+01:00  INFO 11168 --- [dbMigration] [restartedMain] .s.d.r.c.RepositoryConfigurationDelegate : Finished Spring Data repository scanning in 100 ms. Found 0 JPA repository interfaces.
2024-10-16T04:00:00.099+01:00  INFO 11168 --- [dbMigration] [restartedMain] o.s.b.w.embedded.tomcat.TomcatWebServer  : Tomcat initialized with port 8080 (http)
2024-10-16T04:00:00.295+01:00  INFO 11168 --- [dbMigration] [restartedMain] o.apache.catalina.core.StandardService   : Starting service [Tomcat]
2024-10-16T04:00:00.296+01:00  INFO 11168 --- [dbMigration] [restartedMain] o.apache.catalina.core.StandardEngine    : Starting Servlet engine: [Apache Tomcat/10.1.30]
2024-10-16T04:00:00.607+01:00  INFO 11168 --- [dbMigration] [restartedMain] o.a.c.c.C.[Tomcat].[localhost].[/]       : Initializing Spring embedded WebApplicationContext
2024-10-16T04:00:00.607+01:00  INFO 11168 --- [dbMigration] [restartedMain] w.s.c.ServletWebServerApplicationContext : Root WebApplicationContext: initialization completed in 9854 ms
2024-10-16T04:00:01.063+01:00  INFO 11168 --- [dbMigration] [restartedMain] com.zaxxer.hikari.HikariDataSource       : HikariPool-1 - Starting...
2024-10-16T04:00:05.023+01:00  INFO 11168 --- [dbMigration] [restartedMain] com.zaxxer.hikari.pool.HikariPool        : HikariPool-1 - Added connection com.mysql.cj.jdbc.ConnectionImpl@4f079094
2024-10-16T04:00:05.027+01:00  INFO 11168 --- [dbMigration] [restartedMain] com.zaxxer.hikari.HikariDataSource       : HikariPool-1 - Start completed.
2024-10-16T04:00:05.042+01:00  INFO 11168 --- [dbMigration] [restartedMain] o.s.b.a.h2.H2ConsoleAutoConfiguration    : H2 console available at '/h2-console'. Database available at 'jdbc:mysql://localhost:3306/task5?createDatabaseIfNotExist=true'
2024-10-16T04:00:07.199+01:00  INFO 11168 --- [dbMigration] [restartedMain] org.flywaydb.core.FlywayExecutor         : Database: jdbc:mysql://localhost:3306/task5 (MySQL 8.0)
2024-10-16T04:00:07.870+01:00  WARN 11168 --- [dbMigration] [restartedMain] ConfigServletWebServerApplicationContext : Exception encountered during context initialization - cancelling refresh attempt: org.springframework.beans.factory.BeanCreationException: Error creating bean with name 'entityManagerFactory' defined in class path resource [org/springframework/boot/autoconfigure/orm/jpa/HibernateJpaConfiguration.class]: Failed to initialize dependency 'flywayInitializer' of LoadTimeWeaverAware bean 'entityManagerFactory': Error creating bean with name 'flywayInitializer' defined in class path resource [org/springframework/boot/autoconfigure/flyway/FlywayAutoConfiguration$FlywayConfiguration.class]: Validate failed: Migrations have failed validation
Detected failed migration to version 1 (create table).
Please remove any half-completed changes then run repair to fix the schema history.
Need more flexibility with validation rules? Learn more: https://rd.gt/3AbJUZE
2024-10-16T04:00:07.871+01:00  INFO 11168 --- [dbMigration] [restartedMain] com.zaxxer.hikari.HikariDataSource       : HikariPool-1 - Shutdown initiated...
2024-10-16T04:00:07.943+01:00  INFO 11168 --- [dbMigration] [restartedMain] com.zaxxer.hikari.HikariDataSource       : HikariPool-1 - Shutdown completed.
2024-10-16T04:00:07.948+01:00  INFO 11168 --- [dbMigration] [restartedMain] o.apache.catalina.core.StandardService   : Stopping service [Tomcat]
2024-10-16T04:00:08.029+01:00  INFO 11168 --- [dbMigration] [restartedMain] .s.b.a.l.ConditionEvaluationReportLogger : 

Error starting ApplicationContext. To display the condition evaluation report re-run your application with 'debug' enabled.
2024-10-16T04:00:08.204+01:00 ERROR 11168 --- [dbMigration] [restartedMain] o.s.boot.SpringApplication               : Application run failed

org.springframework.beans.factory.BeanCreationException: Error creating bean with name 'entityManagerFactory' defined in class path resource [org/springframework/boot/autoconfigure/orm/jpa/HibernateJpaConfiguration.class]: Failed to initialize dependency 'flywayInitializer' of LoadTimeWeaverAware bean 'entityManagerFactory': Error creating bean with name 'flywayInitializer' defined in class path resource [org/springframework/boot/autoconfigure/flyway/FlywayAutoConfiguration$FlywayConfiguration.class]: Validate failed: Migrations have failed validation
Detected failed migration to version 1 (create table).
Please remove any half-completed changes then run repair to fix the schema history.
Need more flexibility with validation rules? Learn more: https://rd.gt/3AbJUZE
	at org.springframework.beans.factory.support.AbstractBeanFactory.doGetBean(AbstractBeanFactory.java:326) ~[spring-beans-6.1.13.jar:6.1.13]
	at org.springframework.beans.factory.support.AbstractBeanFactory.getBean(AbstractBeanFactory.java:205) ~[spring-beans-6.1.13.jar:6.1.13]
	at org.springframework.context.support.AbstractApplicationContext.finishBeanFactoryInitialization(AbstractApplicationContext.java:954) ~[spring-context-6.1.13.jar:6.1.13]
	at org.springframework.context.support.AbstractApplicationContext.refresh(AbstractApplicationContext.java:625) ~[spring-context-6.1.13.jar:6.1.13]
	at org.springframework.boot.web.servlet.context.ServletWebServerApplicationContext.refresh(ServletWebServerApplicationContext.java:146) ~[spring-boot-3.3.4.jar:3.3.4]
	at org.springframework.boot.SpringApplication.refresh(SpringApplication.java:754) ~[spring-boot-3.3.4.jar:3.3.4]
	at org.springframework.boot.SpringApplication.refreshContext(SpringApplication.java:456) ~[spring-boot-3.3.4.jar:3.3.4]
	at org.springframework.boot.SpringApplication.run(SpringApplication.java:335) ~[spring-boot-3.3.4.jar:3.3.4]
	at org.springframework.boot.SpringApplication.run(SpringApplication.java:1363) ~[spring-boot-3.3.4.jar:3.3.4]
	at org.springframework.boot.SpringApplication.run(SpringApplication.java:1352) ~[spring-boot-3.3.4.jar:3.3.4]
	at ndgroups.dbMigration.DbMigrationApplication.main(DbMigrationApplication.java:10) ~[classes/:na]
	at java.base/jdk.internal.reflect.DirectMethodHandleAccessor.invoke(DirectMethodHandleAccessor.java:104) ~[na:na]
	at java.base/java.lang.reflect.Method.invoke(Method.java:577) ~[na:na]
	at org.springframework.boot.devtools.restart.RestartLauncher.run(RestartLauncher.java:50) ~[spring-boot-devtools-3.3.4.jar:3.3.4]
Caused by: org.springframework.beans.factory.BeanCreationException: Error creating bean with name 'flywayInitializer' defined in class path resource [org/springframework/boot/autoconfigure/flyway/FlywayAutoConfiguration$FlywayConfiguration.class]: Validate failed: Migrations have failed validation
Detected failed migration to version 1 (create table).
Please remove any half-completed changes then run repair to fix the schema history.
Need more flexibility with validation rules? Learn more: https://rd.gt/3AbJUZE
	at org.springframework.beans.factory.support.AbstractAutowireCapableBeanFactory.initializeBean(AbstractAutowireCapableBeanFactory.java:1806) ~[spring-beans-6.1.13.jar:6.1.13]
	at org.springframework.beans.factory.support.AbstractAutowireCapableBeanFactory.doCreateBean(AbstractAutowireCapableBeanFactory.java:600) ~[spring-beans-6.1.13.jar:6.1.13]
	at org.springframework.beans.factory.support.AbstractAutowireCapableBeanFactory.createBean(AbstractAutowireCapableBeanFactory.java:522) ~[spring-beans-6.1.13.jar:6.1.13]
	at org.springframework.beans.factory.support.AbstractBeanFactory.lambda$doGetBean$0(AbstractBeanFactory.java:337) ~[spring-beans-6.1.13.jar:6.1.13]
	at org.springframework.beans.factory.support.DefaultSingletonBeanRegistry.getSingleton(DefaultSingletonBeanRegistry.java:234) ~[spring-beans-6.1.13.jar:6.1.13]
	at org.springframework.beans.factory.support.AbstractBeanFactory.doGetBean(AbstractBeanFactory.java:335) ~[spring-beans-6.1.13.jar:6.1.13]
	at org.springframework.beans.factory.support.AbstractBeanFactory.getBean(AbstractBeanFactory.java:200) ~[spring-beans-6.1.13.jar:6.1.13]
	at org.springframework.beans.factory.support.AbstractBeanFactory.doGetBean(AbstractBeanFactory.java:313) ~[spring-beans-6.1.13.jar:6.1.13]
	... 13 common frames omitted
Caused by: org.flywaydb.core.api.exception.FlywayValidateException: Validate failed: Migrations have failed validation
Detected failed migration to version 1 (create table).
Please remove any half-completed changes then run repair to fix the schema history.
Need more flexibility with validation rules? Learn more: https://rd.gt/3AbJUZE
	at org.flywaydb.core.Flyway.lambda$migrate$0(Flyway.java:160) ~[flyway-core-10.10.0.jar:na]
	at org.flywaydb.core.FlywayExecutor.execute(FlywayExecutor.java:205) ~[flyway-core-10.10.0.jar:na]
	at org.flywaydb.core.Flyway.migrate(Flyway.java:147) ~[flyway-core-10.10.0.jar:na]
	at org.springframework.boot.autoconfigure.flyway.FlywayMigrationInitializer.afterPropertiesSet(FlywayMigrationInitializer.java:66) ~[spring-boot-autoconfigure-3.3.4.jar:3.3.4]
	at org.springframework.beans.factory.support.AbstractAutowireCapableBeanFactory.invokeInitMethods(AbstractAutowireCapableBeanFactory.java:1853) ~[spring-beans-6.1.13.jar:6.1.13]
	at org.springframework.beans.factory.support.AbstractAutowireCapableBeanFactory.initializeBean(AbstractAutowireCapableBeanFactory.java:1802) ~[spring-beans-6.1.13.jar:6.1.13]
	... 20 common frames omitted

2024-10-16T04:01:23.440+01:00  INFO 18940 --- [dbMigration] [restartedMain] n.dbMigration.DbMigrationApplication     : Starting DbMigrationApplication using Java 18.0.1.1 with PID 18940 (C:\Users\User\Documents\kenneth\flexisaf\projects\dbMigration\target\classes started by User in C:\Users\User\Documents\kenneth\flexisaf\projects\dbMigration)
2024-10-16T04:01:23.446+01:00  INFO 18940 --- [dbMigration] [restartedMain] n.dbMigration.DbMigrationApplication     : No active profile set, falling back to 1 default profile: "default"
2024-10-16T04:01:23.614+01:00  INFO 18940 --- [dbMigration] [restartedMain] .e.DevToolsPropertyDefaultsPostProcessor : Devtools property defaults active! Set 'spring.devtools.add-properties' to 'false' to disable
2024-10-16T04:01:23.616+01:00  INFO 18940 --- [dbMigration] [restartedMain] .e.DevToolsPropertyDefaultsPostProcessor : For additional web related logging consider setting the 'logging.level.web' property to 'DEBUG'
2024-10-16T04:01:25.221+01:00  INFO 18940 --- [dbMigration] [restartedMain] .s.d.r.c.RepositoryConfigurationDelegate : Bootstrapping Spring Data JPA repositories in DEFAULT mode.
2024-10-16T04:01:25.276+01:00  INFO 18940 --- [dbMigration] [restartedMain] .s.d.r.c.RepositoryConfigurationDelegate : Finished Spring Data repository scanning in 36 ms. Found 0 JPA repository interfaces.
2024-10-16T04:01:26.930+01:00  INFO 18940 --- [dbMigration] [restartedMain] o.s.b.w.embedded.tomcat.TomcatWebServer  : Tomcat initialized with port 8080 (http)
2024-10-16T04:01:26.985+01:00  INFO 18940 --- [dbMigration] [restartedMain] o.apache.catalina.core.StandardService   : Starting service [Tomcat]
2024-10-16T04:01:26.986+01:00  INFO 18940 --- [dbMigration] [restartedMain] o.apache.catalina.core.StandardEngine    : Starting Servlet engine: [Apache Tomcat/10.1.30]
2024-10-16T04:01:27.137+01:00  INFO 18940 --- [dbMigration] [restartedMain] o.a.c.c.C.[Tomcat].[localhost].[/]       : Initializing Spring embedded WebApplicationContext
2024-10-16T04:01:27.140+01:00  INFO 18940 --- [dbMigration] [restartedMain] w.s.c.ServletWebServerApplicationContext : Root WebApplicationContext: initialization completed in 3521 ms
2024-10-16T04:01:27.453+01:00  INFO 18940 --- [dbMigration] [restartedMain] com.zaxxer.hikari.HikariDataSource       : HikariPool-1 - Starting...
2024-10-16T04:01:28.796+01:00  INFO 18940 --- [dbMigration] [restartedMain] com.zaxxer.hikari.pool.HikariPool        : HikariPool-1 - Added connection com.mysql.cj.jdbc.ConnectionImpl@2079d07b
2024-10-16T04:01:28.799+01:00  INFO 18940 --- [dbMigration] [restartedMain] com.zaxxer.hikari.HikariDataSource       : HikariPool-1 - Start completed.
2024-10-16T04:01:28.813+01:00  INFO 18940 --- [dbMigration] [restartedMain] o.s.b.a.h2.H2ConsoleAutoConfiguration    : H2 console available at '/h2-console'. Database available at 'jdbc:mysql://localhost:3306/task5?createDatabaseIfNotExist=true'
2024-10-16T04:01:29.917+01:00  INFO 18940 --- [dbMigration] [restartedMain] org.flywaydb.core.FlywayExecutor         : Database: jdbc:mysql://localhost:3306/task5 (MySQL 8.0)
2024-10-16T04:01:30.622+01:00  INFO 18940 --- [dbMigration] [restartedMain] o.f.c.i.s.JdbcTableSchemaHistory         : Schema history table `task5`.`flyway_schema_history` does not exist yet
2024-10-16T04:01:30.630+01:00  INFO 18940 --- [dbMigration] [restartedMain] o.f.core.internal.command.DbValidate     : Successfully validated 1 migration (execution time 00:00.325s)
2024-10-16T04:01:30.972+01:00  INFO 18940 --- [dbMigration] [restartedMain] o.f.c.i.s.JdbcTableSchemaHistory         : Creating Schema History table `task5`.`flyway_schema_history` ...
2024-10-16T04:01:34.856+01:00  INFO 18940 --- [dbMigration] [restartedMain] o.f.core.internal.command.DbMigrate      : Current version of schema `task5`: << Empty Schema >>
2024-10-16T04:01:34.873+01:00  INFO 18940 --- [dbMigration] [restartedMain] o.f.core.internal.command.DbMigrate      : Migrating schema `task5` to version "1 - create table"
2024-10-16T04:01:36.491+01:00  INFO 18940 --- [dbMigration] [restartedMain] o.f.core.internal.command.DbMigrate      : Successfully applied 1 migration to schema `task5`, now at version v1 (execution time 00:01.329s)
2024-10-16T04:01:36.854+01:00  INFO 18940 --- [dbMigration] [restartedMain] o.hibernate.jpa.internal.util.LogHelper  : HHH000204: Processing PersistenceUnitInfo [name: default]
2024-10-16T04:01:37.108+01:00  INFO 18940 --- [dbMigration] [restartedMain] org.hibernate.Version                    : HHH000412: Hibernate ORM core version 6.5.3.Final
2024-10-16T04:01:37.252+01:00  INFO 18940 --- [dbMigration] [restartedMain] o.h.c.internal.RegionFactoryInitiator    : HHH000026: Second-level cache disabled
2024-10-16T04:01:38.271+01:00  INFO 18940 --- [dbMigration] [restartedMain] o.s.o.j.p.SpringPersistenceUnitInfo      : No LoadTimeWeaver setup: ignoring JPA class transformer
2024-10-16T04:01:43.174+01:00  INFO 18940 --- [dbMigration] [restartedMain] o.h.e.t.j.p.i.JtaPlatformInitiator       : HHH000489: No JTA platform available (set 'hibernate.transaction.jta.platform' to enable JTA platform integration)
2024-10-16T04:01:45.351+01:00  INFO 18940 --- [dbMigration] [restartedMain] j.LocalContainerEntityManagerFactoryBean : Initialized JPA EntityManagerFactory for persistence unit 'default'
2024-10-16T04:01:45.516+01:00  WARN 18940 --- [dbMigration] [restartedMain] JpaBaseConfiguration$JpaWebConfiguration : spring.jpa.open-in-view is enabled by default. Therefore, database queries may be performed during view rendering. Explicitly configure spring.jpa.open-in-view to disable this warning
2024-10-16T04:01:46.737+01:00  INFO 18940 --- [dbMigration] [restartedMain] o.s.b.d.a.OptionalLiveReloadServer       : LiveReload server is running on port 35729
2024-10-16T04:01:46.930+01:00  INFO 18940 --- [dbMigration] [restartedMain] o.s.b.w.embedded.tomcat.TomcatWebServer  : Tomcat started on port 8080 (http) with context path '/'
2024-10-16T04:01:46.953+01:00  INFO 18940 --- [dbMigration] [restartedMain] n.dbMigration.DbMigrationApplication     : Started DbMigrationApplication in 24.387 seconds (process running for 25.454)
2024-10-16T04:05:43.250+01:00  INFO 18940 --- [dbMigration] [SpringApplicationShutdownHook] j.LocalContainerEntityManagerFactoryBean : Closing JPA EntityManagerFactory for persistence unit 'default'
2024-10-16T04:05:43.274+01:00  INFO 18940 --- [dbMigration] [SpringApplicationShutdownHook] com.zaxxer.hikari.HikariDataSource       : HikariPool-1 - Shutdown initiated...
2024-10-16T04:05:43.341+01:00  INFO 18940 --- [dbMigration] [SpringApplicationShutdownHook] com.zaxxer.hikari.HikariDataSource       : HikariPool-1 - Shutdown completed.
2024-10-16T04:05:56.976+01:00  INFO 12932 --- [dbMigration] [restartedMain] n.dbMigration.DbMigrationApplication     : Starting DbMigrationApplication using Java 18.0.1.1 with PID 12932 (C:\Users\User\Documents\kenneth\flexisaf\projects\dbMigration\target\classes started by User in C:\Users\User\Documents\kenneth\flexisaf\projects\dbMigration)
2024-10-16T04:05:56.982+01:00  INFO 12932 --- [dbMigration] [restartedMain] n.dbMigration.DbMigrationApplication     : No active profile set, falling back to 1 default profile: "default"
2024-10-16T04:05:57.166+01:00  INFO 12932 --- [dbMigration] [restartedMain] .e.DevToolsPropertyDefaultsPostProcessor : Devtools property defaults active! Set 'spring.devtools.add-properties' to 'false' to disable
2024-10-16T04:05:57.167+01:00  INFO 12932 --- [dbMigration] [restartedMain] .e.DevToolsPropertyDefaultsPostProcessor : For additional web related logging consider setting the 'logging.level.web' property to 'DEBUG'
2024-10-16T04:05:58.823+01:00  INFO 12932 --- [dbMigration] [restartedMain] .s.d.r.c.RepositoryConfigurationDelegate : Bootstrapping Spring Data JPA repositories in DEFAULT mode.
2024-10-16T04:05:58.890+01:00  INFO 12932 --- [dbMigration] [restartedMain] .s.d.r.c.RepositoryConfigurationDelegate : Finished Spring Data repository scanning in 42 ms. Found 0 JPA repository interfaces.
2024-10-16T04:06:00.345+01:00  INFO 12932 --- [dbMigration] [restartedMain] o.s.b.w.embedded.tomcat.TomcatWebServer  : Tomcat initialized with port 8080 (http)
2024-10-16T04:06:00.412+01:00  INFO 12932 --- [dbMigration] [restartedMain] o.apache.catalina.core.StandardService   : Starting service [Tomcat]
2024-10-16T04:06:00.413+01:00  INFO 12932 --- [dbMigration] [restartedMain] o.apache.catalina.core.StandardEngine    : Starting Servlet engine: [Apache Tomcat/10.1.30]
2024-10-16T04:06:00.577+01:00  INFO 12932 --- [dbMigration] [restartedMain] o.a.c.c.C.[Tomcat].[localhost].[/]       : Initializing Spring embedded WebApplicationContext
2024-10-16T04:06:00.578+01:00  INFO 12932 --- [dbMigration] [restartedMain] w.s.c.ServletWebServerApplicationContext : Root WebApplicationContext: initialization completed in 3409 ms
2024-10-16T04:06:00.650+01:00  INFO 12932 --- [dbMigration] [restartedMain] com.zaxxer.hikari.HikariDataSource       : HikariPool-1 - Starting...
2024-10-16T04:06:01.596+01:00  INFO 12932 --- [dbMigration] [restartedMain] com.zaxxer.hikari.pool.HikariPool        : HikariPool-1 - Added connection com.mysql.cj.jdbc.ConnectionImpl@54290eea
2024-10-16T04:06:01.599+01:00  INFO 12932 --- [dbMigration] [restartedMain] com.zaxxer.hikari.HikariDataSource       : HikariPool-1 - Start completed.
2024-10-16T04:06:01.612+01:00  INFO 12932 --- [dbMigration] [restartedMain] o.s.b.a.h2.H2ConsoleAutoConfiguration    : H2 console available at '/h2-console'. Database available at 'jdbc:mysql://localhost:3306/task5?createDatabaseIfNotExist=true'
2024-10-16T04:06:02.581+01:00  INFO 12932 --- [dbMigration] [restartedMain] org.flywaydb.core.FlywayExecutor         : Database: jdbc:mysql://localhost:3306/task5 (MySQL 8.0)
2024-10-16T04:06:02.910+01:00  INFO 12932 --- [dbMigration] [restartedMain] o.f.core.internal.command.DbValidate     : Successfully validated 2 migrations (execution time 00:00.099s)
2024-10-16T04:06:02.940+01:00  INFO 12932 --- [dbMigration] [restartedMain] o.f.core.internal.command.DbMigrate      : Current version of schema `task5`: 1
2024-10-16T04:06:02.963+01:00  INFO 12932 --- [dbMigration] [restartedMain] o.f.core.internal.command.DbMigrate      : Migrating schema `task5` to version "2 - update table"
2024-10-16T04:06:04.693+01:00  INFO 12932 --- [dbMigration] [restartedMain] o.f.core.internal.command.DbMigrate      : Successfully applied 1 migration to schema `task5`, now at version v2 (execution time 00:01.339s)
2024-10-16T04:06:05.087+01:00  INFO 12932 --- [dbMigration] [restartedMain] o.hibernate.jpa.internal.util.LogHelper  : HHH000204: Processing PersistenceUnitInfo [name: default]
2024-10-16T04:06:05.256+01:00  INFO 12932 --- [dbMigration] [restartedMain] org.hibernate.Version                    : HHH000412: Hibernate ORM core version 6.5.3.Final
2024-10-16T04:06:05.373+01:00  INFO 12932 --- [dbMigration] [restartedMain] o.h.c.internal.RegionFactoryInitiator    : HHH000026: Second-level cache disabled
2024-10-16T04:06:06.094+01:00  INFO 12932 --- [dbMigration] [restartedMain] o.s.o.j.p.SpringPersistenceUnitInfo      : No LoadTimeWeaver setup: ignoring JPA class transformer
2024-10-16T04:06:08.218+01:00  INFO 12932 --- [dbMigration] [restartedMain] o.h.e.t.j.p.i.JtaPlatformInitiator       : HHH000489: No JTA platform available (set 'hibernate.transaction.jta.platform' to enable JTA platform integration)
2024-10-16T04:06:10.528+01:00  INFO 12932 --- [dbMigration] [restartedMain] j.LocalContainerEntityManagerFactoryBean : Initialized JPA EntityManagerFactory for persistence unit 'default'
2024-10-16T04:06:10.623+01:00  WARN 12932 --- [dbMigration] [restartedMain] JpaBaseConfiguration$JpaWebConfiguration : spring.jpa.open-in-view is enabled by default. Therefore, database queries may be performed during view rendering. Explicitly configure spring.jpa.open-in-view to disable this warning
2024-10-16T04:06:11.425+01:00  INFO 12932 --- [dbMigration] [restartedMain] o.s.b.d.a.OptionalLiveReloadServer       : LiveReload server is running on port 35729
2024-10-16T04:06:11.509+01:00  INFO 12932 --- [dbMigration] [restartedMain] o.s.b.w.embedded.tomcat.TomcatWebServer  : Tomcat started on port 8080 (http) with context path '/'
2024-10-16T04:06:11.527+01:00  INFO 12932 --- [dbMigration] [restartedMain] n.dbMigration.DbMigrationApplication     : Started DbMigrationApplication in 15.65 seconds (process running for 17.962)
2024-10-16T04:08:59.560+01:00  INFO 12932 --- [dbMigration] [SpringApplicationShutdownHook] j.LocalContainerEntityManagerFactoryBean : Closing JPA EntityManagerFactory for persistence unit 'default'
2024-10-16T04:08:59.566+01:00  INFO 12932 --- [dbMigration] [SpringApplicationShutdownHook] com.zaxxer.hikari.HikariDataSource       : HikariPool-1 - Shutdown initiated...
2024-10-16T04:08:59.578+01:00  INFO 12932 --- [dbMigration] [SpringApplicationShutdownHook] com.zaxxer.hikari.HikariDataSource       : HikariPool-1 - Shutdown completed.
2024-10-16T04:09:32.839+01:00  INFO 12444 --- [dbMigration] [restartedMain] n.dbMigration.DbMigrationApplication     : Starting DbMigrationApplication using Java 18.0.1.1 with PID 12444 (C:\Users\User\Documents\kenneth\flexisaf\projects\dbMigration\target\classes started by User in C:\Users\User\Documents\kenneth\flexisaf\projects\dbMigration)
2024-10-16T04:09:32.847+01:00  INFO 12444 --- [dbMigration] [restartedMain] n.dbMigration.DbMigrationApplication     : No active profile set, falling back to 1 default profile: "default"
2024-10-16T04:09:33.030+01:00  INFO 12444 --- [dbMigration] [restartedMain] .e.DevToolsPropertyDefaultsPostProcessor : Devtools property defaults active! Set 'spring.devtools.add-properties' to 'false' to disable
2024-10-16T04:09:33.031+01:00  INFO 12444 --- [dbMigration] [restartedMain] .e.DevToolsPropertyDefaultsPostProcessor : For additional web related logging consider setting the 'logging.level.web' property to 'DEBUG'
2024-10-16T04:09:34.575+01:00  INFO 12444 --- [dbMigration] [restartedMain] .s.d.r.c.RepositoryConfigurationDelegate : Bootstrapping Spring Data JPA repositories in DEFAULT mode.
2024-10-16T04:09:34.621+01:00  INFO 12444 --- [dbMigration] [restartedMain] .s.d.r.c.RepositoryConfigurationDelegate : Finished Spring Data repository scanning in 28 ms. Found 0 JPA repository interfaces.
2024-10-16T04:09:36.076+01:00  INFO 12444 --- [dbMigration] [restartedMain] o.s.b.w.embedded.tomcat.TomcatWebServer  : Tomcat initialized with port 8080 (http)
2024-10-16T04:09:36.122+01:00  INFO 12444 --- [dbMigration] [restartedMain] o.apache.catalina.core.StandardService   : Starting service [Tomcat]
2024-10-16T04:09:36.123+01:00  INFO 12444 --- [dbMigration] [restartedMain] o.apache.catalina.core.StandardEngine    : Starting Servlet engine: [Apache Tomcat/10.1.30]
2024-10-16T04:09:36.246+01:00  INFO 12444 --- [dbMigration] [restartedMain] o.a.c.c.C.[Tomcat].[localhost].[/]       : Initializing Spring embedded WebApplicationContext
2024-10-16T04:09:36.247+01:00  INFO 12444 --- [dbMigration] [restartedMain] w.s.c.ServletWebServerApplicationContext : Root WebApplicationContext: initialization completed in 3215 ms
2024-10-16T04:09:36.345+01:00  INFO 12444 --- [dbMigration] [restartedMain] com.zaxxer.hikari.HikariDataSource       : HikariPool-1 - Starting...
2024-10-16T04:09:37.074+01:00  INFO 12444 --- [dbMigration] [restartedMain] com.zaxxer.hikari.pool.HikariPool        : HikariPool-1 - Added connection com.mysql.cj.jdbc.ConnectionImpl@6c49f1ee
2024-10-16T04:09:37.078+01:00  INFO 12444 --- [dbMigration] [restartedMain] com.zaxxer.hikari.HikariDataSource       : HikariPool-1 - Start completed.
2024-10-16T04:09:37.095+01:00  INFO 12444 --- [dbMigration] [restartedMain] o.s.b.a.h2.H2ConsoleAutoConfiguration    : H2 console available at '/h2-console'. Database available at 'jdbc:mysql://localhost:3306/task5?createDatabaseIfNotExist=true'
2024-10-16T04:09:37.887+01:00  INFO 12444 --- [dbMigration] [restartedMain] org.flywaydb.core.FlywayExecutor         : Database: jdbc:mysql://localhost:3306/task5 (MySQL 8.0)
2024-10-16T04:09:38.103+01:00  INFO 12444 --- [dbMigration] [restartedMain] o.f.core.internal.command.DbValidate     : Successfully validated 3 migrations (execution time 00:00.114s)
2024-10-16T04:09:38.144+01:00  INFO 12444 --- [dbMigration] [restartedMain] o.f.core.internal.command.DbMigrate      : Current version of schema `task5`: 2
2024-10-16T04:09:38.177+01:00  INFO 12444 --- [dbMigration] [restartedMain] o.f.core.internal.command.DbMigrate      : Migrating schema `task5` to version "3 - insert data"
2024-10-16T04:09:38.387+01:00  INFO 12444 --- [dbMigration] [restartedMain] o.f.core.internal.command.DbMigrate      : Successfully applied 1 migration to schema `task5`, now at version v3 (execution time 00:00.041s)
2024-10-16T04:09:38.582+01:00  INFO 12444 --- [dbMigration] [restartedMain] o.hibernate.jpa.internal.util.LogHelper  : HHH000204: Processing PersistenceUnitInfo [name: default]
2024-10-16T04:09:38.703+01:00  INFO 12444 --- [dbMigration] [restartedMain] org.hibernate.Version                    : HHH000412: Hibernate ORM core version 6.5.3.Final
2024-10-16T04:09:38.781+01:00  INFO 12444 --- [dbMigration] [restartedMain] o.h.c.internal.RegionFactoryInitiator    : HHH000026: Second-level cache disabled
2024-10-16T04:09:39.380+01:00  INFO 12444 --- [dbMigration] [restartedMain] o.s.o.j.p.SpringPersistenceUnitInfo      : No LoadTimeWeaver setup: ignoring JPA class transformer
2024-10-16T04:09:40.733+01:00  INFO 12444 --- [dbMigration] [restartedMain] o.h.e.t.j.p.i.JtaPlatformInitiator       : HHH000489: No JTA platform available (set 'hibernate.transaction.jta.platform' to enable JTA platform integration)
2024-10-16T04:09:42.310+01:00  INFO 12444 --- [dbMigration] [restartedMain] j.LocalContainerEntityManagerFactoryBean : Initialized JPA EntityManagerFactory for persistence unit 'default'
2024-10-16T04:09:42.413+01:00  WARN 12444 --- [dbMigration] [restartedMain] JpaBaseConfiguration$JpaWebConfiguration : spring.jpa.open-in-view is enabled by default. Therefore, database queries may be performed during view rendering. Explicitly configure spring.jpa.open-in-view to disable this warning
2024-10-16T04:09:43.272+01:00  INFO 12444 --- [dbMigration] [restartedMain] o.s.b.d.a.OptionalLiveReloadServer       : LiveReload server is running on port 35729
2024-10-16T04:09:43.337+01:00  INFO 12444 --- [dbMigration] [restartedMain] o.s.b.w.embedded.tomcat.TomcatWebServer  : Tomcat started on port 8080 (http) with context path '/'
2024-10-16T04:09:43.356+01:00  INFO 12444 --- [dbMigration] [restartedMain] n.dbMigration.DbMigrationApplication     : Started DbMigrationApplication in 11.436 seconds (process running for 12.406)
